<?xml version="1.0" encoding="UTF-8"?>
<!-- Generated by org.testng.reporters.JUnitReportReporter -->
<testsuite hostname="cogito" failures="0" tests="2" name="TestClass.LoginTestCases" time="41.272" errors="0" timestamp="2023-09-15T09:06:03 IST" skipped="0">
  <testcase classname="TestClass.LoginTestCases" name="verifyValidLogin" time="18.908"/>
  <testcase classname="TestClass.LoginTestCases" name="verifyInvalidLogin" time="22.364"/>
</testsuite> <!-- TestClass.LoginTestCases -->
