<?xml version="1.0" encoding="UTF-8"?>
<!-- Generated by org.testng.reporters.JUnitReportReporter -->
<testsuite hostname="cogito" failures="0" tests="1" name="TestClass.MyInfoTestCases" time="25.406" errors="0" timestamp="2023-09-14T08:36:01 IST" skipped="0">
  <testcase classname="TestClass.MyInfoTestCases" name="fillPersonalDetails" time="25.406"/>
</testsuite> <!-- TestClass.MyInfoTestCases -->
