<?xml version="1.0" encoding="UTF-8"?>
<!-- Generated by org.testng.reporters.JUnitReportReporter -->
<testsuite hostname="cogito" failures="0" tests="1" name="TestClass.MyInfoTestCases" time="62.553" errors="0" timestamp="2023-09-12T10:38:20 IST" skipped="0">
  <testcase classname="TestClass.MyInfoTestCases" name="fillPersonalDetails" time="62.553"/>
</testsuite> <!-- TestClass.MyInfoTestCases -->
