<?xml version="1.0" encoding="UTF-8"?>
<!-- Generated by org.testng.reporters.JUnitReportReporter -->
<testsuite hostname="cogito" failures="0" tests="1" name="TestClass.MyInfoTestCases" time="58.398" errors="0" timestamp="2023-09-15T18:21:12 IST" skipped="0">
  <testcase classname="TestClass.MyInfoTestCases" name="fillPersonalDetails" time="58.398"/>
</testsuite> <!-- TestClass.MyInfoTestCases -->
