<?xml version="1.0" encoding="UTF-8"?>
<!-- Generated by org.testng.reporters.JUnitReportReporter -->
<testsuite hostname="cogito" failures="0" tests="2" name="TestClass.LoginTestCases" time="41.817" errors="0" timestamp="2023-09-15T18:21:12 IST" skipped="0">
  <testcase classname="TestClass.LoginTestCases" name="verifyValidLogin" time="26.248"/>
  <testcase classname="TestClass.LoginTestCases" name="verifyInvalidLogin" time="15.569"/>
</testsuite> <!-- TestClass.LoginTestCases -->
