<?xml version="1.0" encoding="UTF-8"?>
<!-- Generated by org.testng.reporters.JUnitReportReporter -->
<testsuite hostname="cogito" failures="0" tests="2" name="TestClass.LoginTestCases" time="31.486" errors="0" timestamp="2023-09-15T09:13:35 IST" skipped="0">
  <testcase classname="TestClass.LoginTestCases" name="verifyValidLogin" time="19.492"/>
  <testcase classname="TestClass.LoginTestCases" name="verifyInvalidLogin" time="11.994"/>
</testsuite> <!-- TestClass.LoginTestCases -->
